Aug 04, 2020 11:59:15 AM jfxgestureexample2.MovableElementController onTouchPressed
INFO: Braced potential
Aug 04, 2020 11:59:15 AM jfxgestureexample2.MovableElementController onTouchPressed
INFO: 5th finger pressed ID:5
Location:327.8257005915034,295.4272154009523
Aug 04, 2020 11:59:15 AM jfxgestureexample2.MovableElementController onTouchPressed
INFO: Time of tap:DoubleProperty [value: 0.0]
Aug 04, 2020 11:59:15 AM jfxgestureexample2.MovableElementController onTouchPressed
INFO: initiate braced interaction
Aug 04, 2020 11:59:16 AM jfxgestureexample2.MovableElementController onTouchPressed
INFO: Braced potential
Aug 04, 2020 11:59:16 AM jfxgestureexample2.MovableElementController onTouchPressed
INFO: 5th finger pressed ID:6
Location:431.0854635938605,112.96526174968335
Aug 04, 2020 11:59:16 AM jfxgestureexample2.MovableElementController onTouchPressed
INFO: Time of tap:DoubleProperty [value: 0.6]
Aug 04, 2020 11:59:16 AM jfxgestureexample2.MovableElementController onTouchPressed
INFO: Failed interaction
Aug 04, 2020 11:59:16 AM jfxgestureexample2.MovableElementController onTouchPressed
INFO: Braced potential
Aug 04, 2020 11:59:16 AM jfxgestureexample2.MovableElementController onTouchPressed
INFO: 5th finger pressed ID:7
Location:424.62738772133804,115.91019667116521
Aug 04, 2020 11:59:16 AM jfxgestureexample2.MovableElementController onTouchPressed
INFO: Time of tap:DoubleProperty [value: 0.1]
Aug 04, 2020 11:59:16 AM jfxgestureexample2.MovableElementController onTouchPressed
INFO: initiate braced interaction
Aug 04, 2020 12:08:51 PM jfxgestureexample2.MovableElementController onTouchPressed
INFO: Braced potential
Aug 04, 2020 12:08:51 PM jfxgestureexample2.InteractionLogger log
INFO: jfxgestureexample2.InteractionLogger
Aug 04, 2020 12:08:51 PM jfxgestureexample2.MovableElementController onTouchPressed
INFO: 5th finger pressed ID:5
Location:123.38392536862662,230.82804886964988
Aug 04, 2020 12:08:51 PM jfxgestureexample2.MovableElementController onTouchPressed
INFO: Time of tap:DoubleProperty [value: 0.0]
Aug 04, 2020 12:08:51 PM jfxgestureexample2.MovableElementController onTouchPressed
INFO: initiate braced interaction
Aug 04, 2020 12:08:51 PM jfxgestureexample2.MovableElementController onTouchPressed
INFO: Braced potential
Aug 04, 2020 12:08:51 PM jfxgestureexample2.InteractionLogger log
INFO: jfxgestureexample2.InteractionLogger
Aug 04, 2020 12:08:51 PM jfxgestureexample2.MovableElementController onTouchPressed
INFO: 5th finger pressed ID:6
Location:238.28328144660424,64.16856831538423
Aug 04, 2020 12:08:51 PM jfxgestureexample2.MovableElementController onTouchPressed
INFO: Time of tap:DoubleProperty [value: 0.6]
Aug 04, 2020 12:08:51 PM jfxgestureexample2.MovableElementController onTouchPressed
INFO: Failed interaction
Aug 04, 2020 12:08:51 PM jfxgestureexample2.MovableElementController onTouchPressed
INFO: Braced potential
Aug 04, 2020 12:08:51 PM jfxgestureexample2.InteractionLogger log
INFO: jfxgestureexample2.InteractionLogger
Aug 04, 2020 12:08:51 PM jfxgestureexample2.MovableElementController onTouchPressed
INFO: 5th finger pressed ID:7
Location:234.40071081327443,65.38260483568594
Aug 04, 2020 12:08:51 PM jfxgestureexample2.MovableElementController onTouchPressed
INFO: Time of tap:DoubleProperty [value: 0.2]
Aug 04, 2020 12:08:51 PM jfxgestureexample2.MovableElementController onTouchPressed
INFO: initiate braced interaction
Aug 04, 2020 12:09:29 PM jfxgestureexample2.MovableElementController onTouchPressed
INFO: Braced potential
Aug 04, 2020 12:09:29 PM jfxgestureexample2.InteractionLogger log
INFO: Braced Potential
Aug 04, 2020 12:09:29 PM jfxgestureexample2.MovableElementController onTouchPressed
INFO: 5th finger pressed ID:5
Location:221.35295491111793,264.09197823819
Aug 04, 2020 12:09:29 PM jfxgestureexample2.MovableElementController onTouchPressed
INFO: Time of tap:DoubleProperty [value: 0.0]
Aug 04, 2020 12:09:29 PM jfxgestureexample2.MovableElementController onTouchPressed
INFO: initiate braced interaction
Aug 04, 2020 12:09:30 PM jfxgestureexample2.MovableElementController onTouchPressed
INFO: Braced potential
Aug 04, 2020 12:09:30 PM jfxgestureexample2.InteractionLogger log
INFO: Braced Potential
Aug 04, 2020 12:09:30 PM jfxgestureexample2.MovableElementController onTouchPressed
INFO: 5th finger pressed ID:6
Location:334.4250144408947,93.71602201279573
Aug 04, 2020 12:09:30 PM jfxgestureexample2.MovableElementController onTouchPressed
INFO: Time of tap:DoubleProperty [value: 0.6]
Aug 04, 2020 12:09:30 PM jfxgestureexample2.MovableElementController onTouchPressed
INFO: Failed interaction
Aug 04, 2020 12:09:30 PM jfxgestureexample2.MovableElementController onTouchPressed
INFO: Braced potential
Aug 04, 2020 12:09:30 PM jfxgestureexample2.InteractionLogger log
INFO: Braced Potential
Aug 04, 2020 12:09:30 PM jfxgestureexample2.MovableElementController onTouchPressed
INFO: 5th finger pressed ID:7
Location:337.1502126692858,95.95634313376546
Aug 04, 2020 12:09:30 PM jfxgestureexample2.MovableElementController onTouchPressed
INFO: Time of tap:DoubleProperty [value: 0.2]
Aug 04, 2020 12:09:30 PM jfxgestureexample2.MovableElementController onTouchPressed
INFO: initiate braced interaction
